<?xml version="1.0" encoding="UTF-8"?>
<testsuite xmlns:xsi="http://www.w3.org/2001/XMLSchema-instance" xsi:noNamespaceSchemaLocation="https://maven.apache.org/surefire/maven-surefire-plugin/xsd/surefire-test-report.xsd" name="com.mycompany.fifth.AppTest" time="0.097" tests="5" errors="0" skipped="0" failures="0">
  <properties>
[...]
</properties>
  <testcase name="shouldhave4words" classname="com.mycompany.fifth.AppTest" time="0.026"/>
  <testcase name="shouldhave6words" classname="com.mycompany.fifth.AppTest" time="0.022"/>
  <testcase name="shouldhaveCombos" classname="com.mycompany.fifth.AppTest" time="0"/>
  <testcase name="shouldhaveNowords" classname="com.mycompany.fifth.AppTest" time="0.005"/>
  <testcase name="shouldSelectThreeLetter" classname="com.mycompany.fifth.AppTest" time="0"/>
</testsuite>